<?xml version="1.0" encoding="UTF-8"?>
<testsuite name="br.com.travis.SistemaTest" tests="1" skipped="0" failures="0" errors="0" timestamp="2016-04-11T17:27:26" hostname="Diego-PC" time="0.002">
  <properties/>
  <testcase name="exibeHelloTravis" classname="br.com.travis.SistemaTest" time="0.002"/>
  <system-out><![CDATA[]]></system-out>
  <system-err><![CDATA[]]></system-err>
</testsuite>
